running egg_info
writing ../../build/AutoFollowCar/AutoFollowCar.egg-info/PKG-INFO
writing dependency_links to ../../build/AutoFollowCar/AutoFollowCar.egg-info/dependency_links.txt
writing entry points to ../../build/AutoFollowCar/AutoFollowCar.egg-info/entry_points.txt
writing requirements to ../../build/AutoFollowCar/AutoFollowCar.egg-info/requires.txt
writing top-level names to ../../build/AutoFollowCar/AutoFollowCar.egg-info/top_level.txt
reading manifest file '../../build/AutoFollowCar/AutoFollowCar.egg-info/SOURCES.txt'
writing manifest file '../../build/AutoFollowCar/AutoFollowCar.egg-info/SOURCES.txt'
running build
running build_py
copying AutoFollowCar/publisher_member_function.py -> /home/be105/PycharmProjects/rpi4_ros/ros2_ws/build/AutoFollowCar/build/lib/AutoFollowCar
copying AutoFollowCar/subscriber_member_function.py -> /home/be105/PycharmProjects/rpi4_ros/ros2_ws/build/AutoFollowCar/build/lib/AutoFollowCar
/home/be105/.local/lib/python3.10/site-packages/setuptools/command/install.py:34: SetuptoolsDeprecationWarning: setup.py install is deprecated. Use build and pip and other standards-based tools.
  warnings.warn(
running install
running install_lib
copying /home/be105/PycharmProjects/rpi4_ros/ros2_ws/build/AutoFollowCar/build/lib/AutoFollowCar/publisher_member_function.py -> /home/be105/PycharmProjects/rpi4_ros/ros2_ws/install/AutoFollowCar/lib/python3.10/site-packages/AutoFollowCar
copying /home/be105/PycharmProjects/rpi4_ros/ros2_ws/build/AutoFollowCar/build/lib/AutoFollowCar/subscriber_member_function.py -> /home/be105/PycharmProjects/rpi4_ros/ros2_ws/install/AutoFollowCar/lib/python3.10/site-packages/AutoFollowCar
byte-compiling /home/be105/PycharmProjects/rpi4_ros/ros2_ws/install/AutoFollowCar/lib/python3.10/site-packages/AutoFollowCar/publisher_member_function.py to publisher_member_function.cpython-310.pyc
byte-compiling /home/be105/PycharmProjects/rpi4_ros/ros2_ws/install/AutoFollowCar/lib/python3.10/site-packages/AutoFollowCar/subscriber_member_function.py to subscriber_member_function.cpython-310.pyc
running install_data
copying package.xml -> /home/be105/PycharmProjects/rpi4_ros/ros2_ws/install/AutoFollowCar/share/AutoFollowCar
running install_egg_info
removing '/home/be105/PycharmProjects/rpi4_ros/ros2_ws/install/AutoFollowCar/lib/python3.10/site-packages/AutoFollowCar-0.0.0-py3.10.egg-info' (and everything under it)
Copying ../../build/AutoFollowCar/AutoFollowCar.egg-info to /home/be105/PycharmProjects/rpi4_ros/ros2_ws/install/AutoFollowCar/lib/python3.10/site-packages/AutoFollowCar-0.0.0-py3.10.egg-info
running install_scripts
Installing listener script to /home/be105/PycharmProjects/rpi4_ros/ros2_ws/install/AutoFollowCar/lib/AutoFollowCar
Installing talker script to /home/be105/PycharmProjects/rpi4_ros/ros2_ws/install/AutoFollowCar/lib/AutoFollowCar
writing list of installed files to '/home/be105/PycharmProjects/rpi4_ros/ros2_ws/build/AutoFollowCar/install.log'
