[0.194s] DEBUG:colcon:Command line arguments: ['/usr/bin/colcon', 'build']
[0.194s] DEBUG:colcon:Parsed command line arguments: Namespace(log_base=None, log_level=None, verb_name='build', build_base='build', install_base='install', merge_install=False, symlink_install=False, test_result_base=None, continue_on_error=False, executor='parallel', parallel_workers=20, event_handlers=None, ignore_user_meta=False, metas=['./colcon.meta'], base_paths=['.'], packages_ignore=None, packages_ignore_regex=None, paths=None, packages_up_to=None, packages_up_to_regex=None, packages_above=None, packages_above_and_dependencies=None, packages_above_depth=None, packages_select_by_dep=None, packages_skip_by_dep=None, packages_skip_up_to=None, packages_select_build_failed=False, packages_skip_build_finished=False, packages_select_test_failures=False, packages_skip_test_passed=False, packages_select=None, packages_skip=None, packages_select_regex=None, packages_skip_regex=None, packages_start=None, packages_end=None, allow_overriding=[], cmake_args=None, cmake_target=None, cmake_target_skip_unavailable=False, cmake_clean_cache=False, cmake_clean_first=False, cmake_force_configure=False, ament_cmake_args=None, catkin_cmake_args=None, catkin_skip_building_tests=False, verb_parser=<colcon_defaults.argument_parser.defaults.DefaultArgumentsDecorator object at 0x7feed9e625f0>, verb_extension=<colcon_core.verb.build.BuildVerb object at 0x7feed9f1e9e0>, main=<bound method BuildVerb.main of <colcon_core.verb.build.BuildVerb object at 0x7feed9f1e9e0>>)
[0.216s] Level 1:colcon.colcon_core.package_discovery:discover_packages(colcon_meta) check parameters
[0.216s] Level 1:colcon.colcon_core.package_discovery:discover_packages(recursive) check parameters
[0.216s] Level 1:colcon.colcon_core.package_discovery:discover_packages(ignore) check parameters
[0.216s] Level 1:colcon.colcon_core.package_discovery:discover_packages(path) check parameters
[0.216s] Level 1:colcon.colcon_core.package_discovery:discover_packages(colcon_meta) discover
[0.216s] Level 1:colcon.colcon_core.package_discovery:discover_packages(recursive) discover
[0.216s] INFO:colcon.colcon_core.package_discovery:Crawling recursively for packages in '/home/be105/PycharmProjects/rpi4_ros/ros2_ws'
[0.216s] Level 1:colcon.colcon_core.package_identification:_identify(.) by extensions ['ignore', 'ignore_ament_install']
[0.216s] Level 1:colcon.colcon_core.package_identification:_identify(.) by extension 'ignore'
[0.216s] Level 1:colcon.colcon_core.package_identification:_identify(.) by extension 'ignore_ament_install'
[0.216s] Level 1:colcon.colcon_core.package_identification:_identify(.) by extensions ['colcon_pkg']
[0.216s] Level 1:colcon.colcon_core.package_identification:_identify(.) by extension 'colcon_pkg'
[0.216s] Level 1:colcon.colcon_core.package_identification:_identify(.) by extensions ['colcon_meta']
[0.216s] Level 1:colcon.colcon_core.package_identification:_identify(.) by extension 'colcon_meta'
[0.216s] Level 1:colcon.colcon_core.package_identification:_identify(.) by extensions ['ros']
[0.216s] Level 1:colcon.colcon_core.package_identification:_identify(.) by extension 'ros'
[0.227s] Level 1:colcon.colcon_core.package_identification:_identify(.) by extensions ['cmake', 'python']
[0.227s] Level 1:colcon.colcon_core.package_identification:_identify(.) by extension 'cmake'
[0.227s] Level 1:colcon.colcon_core.package_identification:_identify(.) by extension 'python'
[0.227s] Level 1:colcon.colcon_core.package_identification:_identify(.) by extensions ['python_setup_py']
[0.227s] Level 1:colcon.colcon_core.package_identification:_identify(.) by extension 'python_setup_py'
[0.227s] Level 1:colcon.colcon_core.package_identification:_identify(build) by extensions ['ignore', 'ignore_ament_install']
[0.227s] Level 1:colcon.colcon_core.package_identification:_identify(build) by extension 'ignore'
[0.227s] Level 1:colcon.colcon_core.package_identification:_identify(build) ignored
[0.227s] Level 1:colcon.colcon_core.package_identification:_identify(install) by extensions ['ignore', 'ignore_ament_install']
[0.227s] Level 1:colcon.colcon_core.package_identification:_identify(install) by extension 'ignore'
[0.227s] Level 1:colcon.colcon_core.package_identification:_identify(install) ignored
[0.227s] Level 1:colcon.colcon_core.package_identification:_identify(log) by extensions ['ignore', 'ignore_ament_install']
[0.228s] Level 1:colcon.colcon_core.package_identification:_identify(log) by extension 'ignore'
[0.228s] Level 1:colcon.colcon_core.package_identification:_identify(log) ignored
[0.228s] Level 1:colcon.colcon_core.package_identification:_identify(src) by extensions ['ignore', 'ignore_ament_install']
[0.228s] Level 1:colcon.colcon_core.package_identification:_identify(src) by extension 'ignore'
[0.228s] Level 1:colcon.colcon_core.package_identification:_identify(src) by extension 'ignore_ament_install'
[0.228s] Level 1:colcon.colcon_core.package_identification:_identify(src) by extensions ['colcon_pkg']
[0.228s] Level 1:colcon.colcon_core.package_identification:_identify(src) by extension 'colcon_pkg'
[0.228s] Level 1:colcon.colcon_core.package_identification:_identify(src) by extensions ['colcon_meta']
[0.228s] Level 1:colcon.colcon_core.package_identification:_identify(src) by extension 'colcon_meta'
[0.228s] Level 1:colcon.colcon_core.package_identification:_identify(src) by extensions ['ros']
[0.228s] Level 1:colcon.colcon_core.package_identification:_identify(src) by extension 'ros'
[0.228s] Level 1:colcon.colcon_core.package_identification:_identify(src) by extensions ['cmake', 'python']
[0.228s] Level 1:colcon.colcon_core.package_identification:_identify(src) by extension 'cmake'
[0.228s] Level 1:colcon.colcon_core.package_identification:_identify(src) by extension 'python'
[0.228s] Level 1:colcon.colcon_core.package_identification:_identify(src) by extensions ['python_setup_py']
[0.228s] Level 1:colcon.colcon_core.package_identification:_identify(src) by extension 'python_setup_py'
[0.228s] Level 1:colcon.colcon_core.package_identification:_identify(src/AutoFollowCar) by extensions ['ignore', 'ignore_ament_install']
[0.228s] Level 1:colcon.colcon_core.package_identification:_identify(src/AutoFollowCar) by extension 'ignore'
[0.228s] Level 1:colcon.colcon_core.package_identification:_identify(src/AutoFollowCar) by extension 'ignore_ament_install'
[0.228s] Level 1:colcon.colcon_core.package_identification:_identify(src/AutoFollowCar) by extensions ['colcon_pkg']
[0.228s] Level 1:colcon.colcon_core.package_identification:_identify(src/AutoFollowCar) by extension 'colcon_pkg'
[0.228s] Level 1:colcon.colcon_core.package_identification:_identify(src/AutoFollowCar) by extensions ['colcon_meta']
[0.228s] Level 1:colcon.colcon_core.package_identification:_identify(src/AutoFollowCar) by extension 'colcon_meta'
[0.228s] Level 1:colcon.colcon_core.package_identification:_identify(src/AutoFollowCar) by extensions ['ros']
[0.228s] Level 1:colcon.colcon_core.package_identification:_identify(src/AutoFollowCar) by extension 'ros'
[0.230s] DEBUG:colcon.colcon_core.package_identification:Package 'src/AutoFollowCar' with type 'ros.ament_python' and name 'AutoFollowCar'
[0.230s] Level 1:colcon.colcon_core.package_discovery:discover_packages(recursive) using defaults
[0.230s] Level 1:colcon.colcon_core.package_discovery:discover_packages(ignore) discover
[0.230s] Level 1:colcon.colcon_core.package_discovery:discover_packages(ignore) using defaults
[0.230s] Level 1:colcon.colcon_core.package_discovery:discover_packages(path) discover
[0.230s] Level 1:colcon.colcon_core.package_discovery:discover_packages(path) using defaults
[0.247s] Level 1:colcon.colcon_core.package_discovery:discover_packages(prefix_path) check parameters
[0.247s] Level 1:colcon.colcon_core.package_discovery:discover_packages(prefix_path) discover
[0.249s] DEBUG:colcon.colcon_installed_package_information.package_discovery:Found 270 installed packages in /opt/ros/humble
[0.250s] Level 1:colcon.colcon_core.package_discovery:discover_packages(prefix_path) using defaults
[0.291s] Level 5:colcon.colcon_core.verb:set package 'AutoFollowCar' build argument 'cmake_args' from command line to 'None'
[0.291s] Level 5:colcon.colcon_core.verb:set package 'AutoFollowCar' build argument 'cmake_target' from command line to 'None'
[0.291s] Level 5:colcon.colcon_core.verb:set package 'AutoFollowCar' build argument 'cmake_target_skip_unavailable' from command line to 'False'
[0.291s] Level 5:colcon.colcon_core.verb:set package 'AutoFollowCar' build argument 'cmake_clean_cache' from command line to 'False'
[0.291s] Level 5:colcon.colcon_core.verb:set package 'AutoFollowCar' build argument 'cmake_clean_first' from command line to 'False'
[0.292s] Level 5:colcon.colcon_core.verb:set package 'AutoFollowCar' build argument 'cmake_force_configure' from command line to 'False'
[0.292s] Level 5:colcon.colcon_core.verb:set package 'AutoFollowCar' build argument 'ament_cmake_args' from command line to 'None'
[0.292s] Level 5:colcon.colcon_core.verb:set package 'AutoFollowCar' build argument 'catkin_cmake_args' from command line to 'None'
[0.292s] Level 5:colcon.colcon_core.verb:set package 'AutoFollowCar' build argument 'catkin_skip_building_tests' from command line to 'False'
[0.292s] DEBUG:colcon.colcon_core.verb:Building package 'AutoFollowCar' with the following arguments: {'ament_cmake_args': None, 'build_base': '/home/be105/PycharmProjects/rpi4_ros/ros2_ws/build/AutoFollowCar', 'catkin_cmake_args': None, 'catkin_skip_building_tests': False, 'cmake_args': None, 'cmake_clean_cache': False, 'cmake_clean_first': False, 'cmake_force_configure': False, 'cmake_target': None, 'cmake_target_skip_unavailable': False, 'install_base': '/home/be105/PycharmProjects/rpi4_ros/ros2_ws/install/AutoFollowCar', 'merge_install': False, 'path': '/home/be105/PycharmProjects/rpi4_ros/ros2_ws/src/AutoFollowCar', 'symlink_install': False, 'test_result_base': None}
[0.292s] INFO:colcon.colcon_core.executor:Executing jobs using 'parallel' executor
[0.295s] DEBUG:colcon.colcon_parallel_executor.executor.parallel:run_until_complete
[0.295s] INFO:colcon.colcon_ros.task.ament_python.build:Building ROS package in '/home/be105/PycharmProjects/rpi4_ros/ros2_ws/src/AutoFollowCar' with build type 'ament_python'
[0.295s] Level 1:colcon.colcon_core.shell:create_environment_hook('AutoFollowCar', 'ament_prefix_path')
[0.298s] INFO:colcon.colcon_core.plugin_system:Skipping extension 'colcon_core.shell.bat': Not used on non-Windows systems
[0.298s] INFO:colcon.colcon_core.shell:Creating environment hook '/home/be105/PycharmProjects/rpi4_ros/ros2_ws/install/AutoFollowCar/share/AutoFollowCar/hook/ament_prefix_path.ps1'
[0.298s] INFO:colcon.colcon_core.shell:Creating environment descriptor '/home/be105/PycharmProjects/rpi4_ros/ros2_ws/install/AutoFollowCar/share/AutoFollowCar/hook/ament_prefix_path.dsv'
[0.299s] INFO:colcon.colcon_core.shell:Creating environment hook '/home/be105/PycharmProjects/rpi4_ros/ros2_ws/install/AutoFollowCar/share/AutoFollowCar/hook/ament_prefix_path.sh'
[0.300s] INFO:colcon.colcon_core.shell:Skip shell extension 'powershell' for command environment: Not usable outside of PowerShell
[0.300s] DEBUG:colcon.colcon_core.shell:Skip shell extension 'dsv' for command environment
[0.444s] INFO:colcon.colcon_core.task.python.build:Building Python package in '/home/be105/PycharmProjects/rpi4_ros/ros2_ws/src/AutoFollowCar'
[0.445s] INFO:colcon.colcon_core.shell:Skip shell extension 'powershell' for command environment: Not usable outside of PowerShell
[0.446s] DEBUG:colcon.colcon_core.shell:Skip shell extension 'dsv' for command environment
[0.843s] DEBUG:colcon.colcon_core.event_handler.log_command:Invoking command in '/home/be105/PycharmProjects/rpi4_ros/ros2_ws/src/AutoFollowCar': PYTHONPATH=/home/be105/PycharmProjects/rpi4_ros/ros2_ws/build/AutoFollowCar/prefix_override:/home/be105/PycharmProjects/rpi4_ros/ros2_ws/install/AutoFollowCar/lib/python3.10/site-packages:${PYTHONPATH} /usr/bin/python3 setup.py egg_info --egg-base ../../build/AutoFollowCar build --build-base /home/be105/PycharmProjects/rpi4_ros/ros2_ws/build/AutoFollowCar/build install --record /home/be105/PycharmProjects/rpi4_ros/ros2_ws/build/AutoFollowCar/install.log --single-version-externally-managed
[1.176s] DEBUG:colcon.colcon_core.event_handler.log_command:Invoked command in '/home/be105/PycharmProjects/rpi4_ros/ros2_ws/src/AutoFollowCar' returned '0': PYTHONPATH=/home/be105/PycharmProjects/rpi4_ros/ros2_ws/build/AutoFollowCar/prefix_override:/home/be105/PycharmProjects/rpi4_ros/ros2_ws/install/AutoFollowCar/lib/python3.10/site-packages:${PYTHONPATH} /usr/bin/python3 setup.py egg_info --egg-base ../../build/AutoFollowCar build --build-base /home/be105/PycharmProjects/rpi4_ros/ros2_ws/build/AutoFollowCar/build install --record /home/be105/PycharmProjects/rpi4_ros/ros2_ws/build/AutoFollowCar/install.log --single-version-externally-managed
[1.180s] Level 1:colcon.colcon_core.environment:checking '/home/be105/PycharmProjects/rpi4_ros/ros2_ws/install/AutoFollowCar' for CMake module files
[1.180s] Level 1:colcon.colcon_core.environment:checking '/home/be105/PycharmProjects/rpi4_ros/ros2_ws/install/AutoFollowCar' for CMake config files
[1.181s] Level 1:colcon.colcon_core.environment:checking '/home/be105/PycharmProjects/rpi4_ros/ros2_ws/install/AutoFollowCar/lib'
[1.181s] Level 1:colcon.colcon_core.environment:checking '/home/be105/PycharmProjects/rpi4_ros/ros2_ws/install/AutoFollowCar/bin'
[1.181s] Level 1:colcon.colcon_core.environment:checking '/home/be105/PycharmProjects/rpi4_ros/ros2_ws/install/AutoFollowCar/lib/pkgconfig/AutoFollowCar.pc'
[1.181s] Level 1:colcon.colcon_core.environment:checking '/home/be105/PycharmProjects/rpi4_ros/ros2_ws/install/AutoFollowCar/lib/python3.10/site-packages'
[1.181s] Level 1:colcon.colcon_core.shell:create_environment_hook('AutoFollowCar', 'pythonpath')
[1.183s] INFO:colcon.colcon_core.shell:Creating environment hook '/home/be105/PycharmProjects/rpi4_ros/ros2_ws/install/AutoFollowCar/share/AutoFollowCar/hook/pythonpath.ps1'
[1.183s] INFO:colcon.colcon_core.shell:Creating environment descriptor '/home/be105/PycharmProjects/rpi4_ros/ros2_ws/install/AutoFollowCar/share/AutoFollowCar/hook/pythonpath.dsv'
[1.184s] INFO:colcon.colcon_core.shell:Creating environment hook '/home/be105/PycharmProjects/rpi4_ros/ros2_ws/install/AutoFollowCar/share/AutoFollowCar/hook/pythonpath.sh'
[1.184s] Level 1:colcon.colcon_core.environment:checking '/home/be105/PycharmProjects/rpi4_ros/ros2_ws/install/AutoFollowCar/bin'
[1.184s] Level 1:colcon.colcon_core.environment:create_environment_scripts_only(AutoFollowCar)
[1.186s] INFO:colcon.colcon_core.shell:Creating package script '/home/be105/PycharmProjects/rpi4_ros/ros2_ws/install/AutoFollowCar/share/AutoFollowCar/package.ps1'
[1.187s] INFO:colcon.colcon_core.shell:Creating package descriptor '/home/be105/PycharmProjects/rpi4_ros/ros2_ws/install/AutoFollowCar/share/AutoFollowCar/package.dsv'
[1.188s] INFO:colcon.colcon_core.shell:Creating package script '/home/be105/PycharmProjects/rpi4_ros/ros2_ws/install/AutoFollowCar/share/AutoFollowCar/package.sh'
[1.188s] INFO:colcon.colcon_core.shell:Creating package script '/home/be105/PycharmProjects/rpi4_ros/ros2_ws/install/AutoFollowCar/share/AutoFollowCar/package.bash'
[1.189s] INFO:colcon.colcon_core.shell:Creating package script '/home/be105/PycharmProjects/rpi4_ros/ros2_ws/install/AutoFollowCar/share/AutoFollowCar/package.zsh'
[1.189s] Level 1:colcon.colcon_core.environment:create_file_with_runtime_dependencies(/home/be105/PycharmProjects/rpi4_ros/ros2_ws/install/AutoFollowCar/share/colcon-core/packages/AutoFollowCar)
[1.190s] DEBUG:colcon.colcon_parallel_executor.executor.parallel:closing loop
[1.190s] DEBUG:colcon.colcon_parallel_executor.executor.parallel:loop closed
[1.190s] DEBUG:colcon.colcon_parallel_executor.executor.parallel:run_until_complete finished with '0'
[1.190s] DEBUG:colcon.colcon_core.event_reactor:joining thread
[1.199s] INFO:colcon.colcon_core.plugin_system:Skipping extension 'colcon_notification.desktop_notification.terminal_notifier': Not used on non-Darwin systems
[1.199s] INFO:colcon.colcon_core.plugin_system:Skipping extension 'colcon_notification.desktop_notification.win32': Not used on non-Windows systems
[1.199s] INFO:colcon.colcon_notification.desktop_notification:Sending desktop notification using 'notify2'
[1.209s] DEBUG:colcon.colcon_core.event_reactor:joined thread
[1.211s] INFO:colcon.colcon_core.shell:Creating prefix script '/home/be105/PycharmProjects/rpi4_ros/ros2_ws/install/local_setup.ps1'
[1.213s] INFO:colcon.colcon_core.shell:Creating prefix util module '/home/be105/PycharmProjects/rpi4_ros/ros2_ws/install/_local_setup_util_ps1.py'
[1.214s] INFO:colcon.colcon_core.shell:Creating prefix chain script '/home/be105/PycharmProjects/rpi4_ros/ros2_ws/install/setup.ps1'
[1.216s] INFO:colcon.colcon_core.shell:Creating prefix script '/home/be105/PycharmProjects/rpi4_ros/ros2_ws/install/local_setup.sh'
[1.217s] INFO:colcon.colcon_core.shell:Creating prefix util module '/home/be105/PycharmProjects/rpi4_ros/ros2_ws/install/_local_setup_util_sh.py'
[1.217s] INFO:colcon.colcon_core.shell:Creating prefix chain script '/home/be105/PycharmProjects/rpi4_ros/ros2_ws/install/setup.sh'
[1.219s] INFO:colcon.colcon_core.shell:Creating prefix script '/home/be105/PycharmProjects/rpi4_ros/ros2_ws/install/local_setup.bash'
[1.219s] INFO:colcon.colcon_core.shell:Creating prefix chain script '/home/be105/PycharmProjects/rpi4_ros/ros2_ws/install/setup.bash'
[1.220s] INFO:colcon.colcon_core.shell:Creating prefix script '/home/be105/PycharmProjects/rpi4_ros/ros2_ws/install/local_setup.zsh'
[1.220s] INFO:colcon.colcon_core.shell:Creating prefix chain script '/home/be105/PycharmProjects/rpi4_ros/ros2_ws/install/setup.zsh'
