running egg_info
creating ../../build/AutoFollowCar/AutoFollowCar.egg-info
writing ../../build/AutoFollowCar/AutoFollowCar.egg-info/PKG-INFO
writing dependency_links to ../../build/AutoFollowCar/AutoFollowCar.egg-info/dependency_links.txt
writing entry points to ../../build/AutoFollowCar/AutoFollowCar.egg-info/entry_points.txt
writing requirements to ../../build/AutoFollowCar/AutoFollowCar.egg-info/requires.txt
writing top-level names to ../../build/AutoFollowCar/AutoFollowCar.egg-info/top_level.txt
writing manifest file '../../build/AutoFollowCar/AutoFollowCar.egg-info/SOURCES.txt'
reading manifest file '../../build/AutoFollowCar/AutoFollowCar.egg-info/SOURCES.txt'
writing manifest file '../../build/AutoFollowCar/AutoFollowCar.egg-info/SOURCES.txt'
running build
running build_py
creating /home/be105/PycharmProjects/rpi4_ros/ros2_ws/build/AutoFollowCar/build
creating /home/be105/PycharmProjects/rpi4_ros/ros2_ws/build/AutoFollowCar/build/lib
creating /home/be105/PycharmProjects/rpi4_ros/ros2_ws/build/AutoFollowCar/build/lib/AutoFollowCar
copying AutoFollowCar/my_node.py -> /home/be105/PycharmProjects/rpi4_ros/ros2_ws/build/AutoFollowCar/build/lib/AutoFollowCar
copying AutoFollowCar/__init__.py -> /home/be105/PycharmProjects/rpi4_ros/ros2_ws/build/AutoFollowCar/build/lib/AutoFollowCar
running install
/home/be105/.local/lib/python3.10/site-packages/setuptools/command/install.py:34: SetuptoolsDeprecationWarning: setup.py install is deprecated. Use build and pip and other standards-based tools.
  warnings.warn(
running install_lib
creating /home/be105/PycharmProjects/rpi4_ros/ros2_ws/install/AutoFollowCar/lib/python3.10/site-packages/AutoFollowCar
copying /home/be105/PycharmProjects/rpi4_ros/ros2_ws/build/AutoFollowCar/build/lib/AutoFollowCar/my_node.py -> /home/be105/PycharmProjects/rpi4_ros/ros2_ws/install/AutoFollowCar/lib/python3.10/site-packages/AutoFollowCar
copying /home/be105/PycharmProjects/rpi4_ros/ros2_ws/build/AutoFollowCar/build/lib/AutoFollowCar/__init__.py -> /home/be105/PycharmProjects/rpi4_ros/ros2_ws/install/AutoFollowCar/lib/python3.10/site-packages/AutoFollowCar
byte-compiling /home/be105/PycharmProjects/rpi4_ros/ros2_ws/install/AutoFollowCar/lib/python3.10/site-packages/AutoFollowCar/my_node.py to my_node.cpython-310.pyc
byte-compiling /home/be105/PycharmProjects/rpi4_ros/ros2_ws/install/AutoFollowCar/lib/python3.10/site-packages/AutoFollowCar/__init__.py to __init__.cpython-310.pyc
running install_data
creating /home/be105/PycharmProjects/rpi4_ros/ros2_ws/install/AutoFollowCar/share/ament_index
creating /home/be105/PycharmProjects/rpi4_ros/ros2_ws/install/AutoFollowCar/share/ament_index/resource_index
creating /home/be105/PycharmProjects/rpi4_ros/ros2_ws/install/AutoFollowCar/share/ament_index/resource_index/packages
copying resource/AutoFollowCar -> /home/be105/PycharmProjects/rpi4_ros/ros2_ws/install/AutoFollowCar/share/ament_index/resource_index/packages
copying package.xml -> /home/be105/PycharmProjects/rpi4_ros/ros2_ws/install/AutoFollowCar/share/AutoFollowCar
running install_egg_info
Copying ../../build/AutoFollowCar/AutoFollowCar.egg-info to /home/be105/PycharmProjects/rpi4_ros/ros2_ws/install/AutoFollowCar/lib/python3.10/site-packages/AutoFollowCar-0.0.0-py3.10.egg-info
running install_scripts
Installing my_node script to /home/be105/PycharmProjects/rpi4_ros/ros2_ws/install/AutoFollowCar/lib/AutoFollowCar
writing list of installed files to '/home/be105/PycharmProjects/rpi4_ros/ros2_ws/build/AutoFollowCar/install.log'
